<?xml version="1.0" encoding="UTF-8"?>
<!-- Generated by org.testng.reporters.JUnitReportReporter -->
<testsuite hostname="DESKTOP-87G55SS" failures="0" tests="1" name="testNG.Calandar" time="29.716" errors="0" timestamp="2024-02-22T00:18:19 IST" skipped="0">
  <testcase classname="testNG.Calandar" name="open" time="29.716"/>
  <system-out/>
</testsuite> <!-- testNG.Calandar -->
