<?xml version="1.0" encoding="UTF-8"?>
<!-- Generated by org.testng.reporters.JUnitReportReporter -->
<testsuite hostname="DESKTOP-87G55SS" failures="0" tests="1" name="testNG.Class1" time="0.024" errors="0" timestamp="2024-02-15T19:49:33 IST" skipped="0">
  <testcase classname="testNG.Class1" name="search" time="0.024"/>
  <system-out/>
</testsuite> <!-- testNG.Class1 -->
