<?xml version="1.0" encoding="UTF-8"?>
<!-- Generated by org.testng.reporters.JUnitReportReporter -->
<testsuite hostname="DESKTOP-87G55SS" failures="0" tests="1" name="testNG.WriteExcel" time="1.388" errors="0" timestamp="2024-02-27T21:02:18 IST" skipped="0">
  <testcase classname="testNG.WriteExcel" name="write" time="1.388"/>
  <system-out/>
</testsuite> <!-- testNG.WriteExcel -->
