<?xml version="1.0" encoding="UTF-8"?>
<!-- Generated by org.testng.reporters.JUnitReportReporter -->
<testsuite hostname="DESKTOP-87G55SS" failures="0" tests="2" name="testNG.Scnaro2" time="0.067" errors="0" timestamp="2024-02-14T21:12:43 IST" skipped="0">
  <testcase classname="testNG.Scnaro2" name="search" time="0.032"/>
  <system-out/>
  <testcase classname="testNG.Scnaro2" name="addproduct" time="0.035"/>
  <system-out/>
</testsuite> <!-- testNG.Scnaro2 -->
