<?xml version="1.0" encoding="UTF-8"?>
<!-- Generated by org.testng.reporters.JUnitReportReporter -->
<testsuite hostname="DESKTOP-87G55SS" failures="0" tests="3" name="testNG.Groups" time="7.255" errors="0" timestamp="2024-02-19T21:50:08 IST" skipped="0">
  <testcase classname="testNG.Groups" name="launch" time="6.949"/>
  <system-out/>
  <testcase classname="testNG.Groups" name="rgroup" time="0.106"/>
  <system-out/>
  <testcase classname="testNG.Groups" name="srgroup" time="0.200"/>
  <system-out/>
</testsuite> <!-- testNG.Groups -->
