<?xml version="1.0" encoding="UTF-8"?>
<!-- Generated by org.testng.reporters.JUnitReportReporter -->
<testsuite hostname="DESKTOP-87G55SS" failures="0" tests="2" name="testNG.Sucodaassignment" time="12.101" errors="0" timestamp="2024-02-07T20:42:17 IST" skipped="0">
  <testcase classname="testNG.Sucodaassignment" name="open" time="10.973"/>
  <system-out/>
  <testcase classname="testNG.Sucodaassignment" name="close" time="1.128"/>
  <system-out/>
</testsuite> <!-- testNG.Sucodaassignment -->
