<?xml version="1.0" encoding="UTF-8"?>
<!-- Generated by org.testng.reporters.JUnitReportReporter -->
<testsuite hostname="DESKTOP-87G55SS" failures="0" tests="1" name="testNG.Assetion1" time="23.458" errors="0" timestamp="2024-02-15T20:32:23 IST" skipped="0">
  <testcase classname="testNG.Assetion1" name="login" time="23.458"/>
  <system-out/>
</testsuite> <!-- testNG.Assetion1 -->
