<?xml version="1.0" encoding="UTF-8"?>
<!-- Generated by org.testng.reporters.JUnitReportReporter -->
<testsuite hostname="DESKTOP-87G55SS" failures="0" tests="1" name="testNG.ReadXl" time="2.240" errors="0" timestamp="2024-02-28T22:21:19 IST" skipped="0">
  <testcase classname="testNG.ReadXl" name="excelread" time="2.240"/>
  <system-out/>
</testsuite> <!-- testNG.ReadXl -->
