<?xml version="1.0" encoding="UTF-8"?>
<!-- Generated by org.testng.reporters.JUnitReportReporter -->
<testsuite hostname="DESKTOP-87G55SS" failures="0" tests="1" name="testNG.Dataprovider" time="14.311" errors="0" timestamp="2024-02-20T20:20:08 IST" skipped="0">
  <testcase classname="testNG.Dataprovider" name="login" time="14.311"/>
  <system-out/>
</testsuite> <!-- testNG.Dataprovider -->
